0 info it worked if it ends with ok
1 verbose cli [ '/usr/bin/node', '/usr/bin/npm', 'install' ]
2 info using npm@3.5.2
3 info using node@v8.10.0
4 silly loadCurrentTree Starting
5 silly install loadCurrentTree
6 silly install readLocalPackageData
7 silly install normalizeTree
8 silly loadCurrentTree Finishing
9 silly loadIdealTree Starting
10 silly install loadIdealTree
11 silly cloneCurrentTree Starting
12 silly install cloneCurrentTreeToIdealTree
13 silly cloneCurrentTree Finishing
14 silly loadShrinkwrap Starting
15 silly install loadShrinkwrap
16 silly loadShrinkwrap Finishing
17 silly loadAllDepsIntoIdealTree Starting
18 silly install loadAllDepsIntoIdealTree
19 silly fetchNamedPackageData react-scripts
20 silly mapToRegistry name react-scripts
21 silly mapToRegistry using default registry
22 silly mapToRegistry registry https://registry.npmjs.org/
23 silly mapToRegistry uri https://registry.npmjs.org/react-scripts
24 verbose request uri https://registry.npmjs.org/react-scripts
25 verbose request no auth needed
26 info attempt registry request try #1 at 3:36:04 PM
27 verbose request id 8eecd2afa5519624
28 verbose etag W/"3cc0a43c0ba69911f1a2274287f07114"
29 verbose lastModified Sat, 21 Mar 2020 00:00:34 GMT
30 http request GET https://registry.npmjs.org/react-scripts
31 http 304 https://registry.npmjs.org/react-scripts
32 verbose headers { date: 'Wed, 25 Mar 2020 22:36:04 GMT',
32 verbose headers   connection: 'keep-alive',
32 verbose headers   'set-cookie':
32 verbose headers    [ '__cfduid=d78ec4c791993b49fd75194ff6df1839e1585175764; expires=Fri, 24-Apr-20 22:36:04 GMT; path=/; domain=.npmjs.org; HttpOnly; SameSite=Lax' ],
32 verbose headers   'cf-ray': '579c1bd0da9b6d6a-SJC',
32 verbose headers   age: '1326',
32 verbose headers   'cache-control': 'public, max-age=300',
32 verbose headers   etag: '"3cc0a43c0ba69911f1a2274287f07114"',
32 verbose headers   'last-modified': 'Sat, 21 Mar 2020 00:00:34 GMT',
32 verbose headers   vary: 'Accept-Encoding',
32 verbose headers   'cf-cache-status': 'HIT',
32 verbose headers   'expect-ct': 'max-age=604800, report-uri="https://report-uri.cloudflare.com/cdn-cgi/beacon/expect-ct"',
32 verbose headers   server: 'cloudflare' }
33 silly get cb [ 304,
33 silly get   { date: 'Wed, 25 Mar 2020 22:36:04 GMT',
33 silly get     connection: 'keep-alive',
33 silly get     'set-cookie':
33 silly get      [ '__cfduid=d78ec4c791993b49fd75194ff6df1839e1585175764; expires=Fri, 24-Apr-20 22:36:04 GMT; path=/; domain=.npmjs.org; HttpOnly; SameSite=Lax' ],
33 silly get     'cf-ray': '579c1bd0da9b6d6a-SJC',
33 silly get     age: '1326',
33 silly get     'cache-control': 'public, max-age=300',
33 silly get     etag: '"3cc0a43c0ba69911f1a2274287f07114"',
33 silly get     'last-modified': 'Sat, 21 Mar 2020 00:00:34 GMT',
33 silly get     vary: 'Accept-Encoding',
33 silly get     'cf-cache-status': 'HIT',
33 silly get     'expect-ct': 'max-age=604800, report-uri="https://report-uri.cloudflare.com/cdn-cgi/beacon/expect-ct"',
33 silly get     server: 'cloudflare' } ]
34 verbose etag https://registry.npmjs.org/react-scripts from cache
35 verbose get saving react-scripts to /home/tiankai/.npm/registry.npmjs.org/react-scripts/.cache.json
36 silly resolveWithNewModule react-scripts@3.4.1 checking installable status
37 silly cache add args [ 'react-scripts@^3.4.1', null ]
38 verbose cache add spec react-scripts@^3.4.1
39 silly cache add parsed spec Result {
39 silly cache add   raw: 'react-scripts@^3.4.1',
39 silly cache add   scope: null,
39 silly cache add   name: 'react-scripts',
39 silly cache add   rawSpec: '^3.4.1',
39 silly cache add   spec: '>=3.4.1 <4.0.0',
39 silly cache add   type: 'range' }
40 silly addNamed react-scripts@>=3.4.1 <4.0.0
41 verbose addNamed ">=3.4.1 <4.0.0" is a valid semver range for react-scripts
42 silly addNameRange { name: 'react-scripts',
42 silly addNameRange   range: '>=3.4.1 <4.0.0',
42 silly addNameRange   hasData: false }
43 silly mapToRegistry name react-scripts
44 silly mapToRegistry using default registry
45 silly mapToRegistry registry https://registry.npmjs.org/
46 silly mapToRegistry uri https://registry.npmjs.org/react-scripts
47 verbose addNameRange registry:https://registry.npmjs.org/react-scripts not in flight; fetching
48 verbose get https://registry.npmjs.org/react-scripts not expired, no request
49 silly addNameRange number 2 { name: 'react-scripts', range: '>=3.4.1 <4.0.0', hasData: true }
50 silly addNameRange versions [ 'react-scripts',
50 silly addNameRange   [ '0.0.0',
50 silly addNameRange     '0.1.0',
50 silly addNameRange     '0.2.0-alpha.1',
50 silly addNameRange     '0.2.0',
50 silly addNameRange     '0.2.1',
50 silly addNameRange     '0.3.0-alpha',
50 silly addNameRange     '0.2.2',
50 silly addNameRange     '0.2.3',
50 silly addNameRange     '0.3.0-beta',
50 silly addNameRange     '0.3.0',
50 silly addNameRange     '0.3.1',
50 silly addNameRange     '0.4.0',
50 silly addNameRange     '0.4.1',
50 silly addNameRange     '0.4.2',
50 silly addNameRange     '0.4.3-0',
50 silly addNameRange     '0.4.3',
50 silly addNameRange     '0.5.0',
50 silly addNameRange     '0.5.1',
50 silly addNameRange     '0.6.0',
50 silly addNameRange     '0.6.1',
50 silly addNameRange     '0.7.0',
50 silly addNameRange     '0.7.0-alpha.e756d73a',
50 silly addNameRange     '0.7.0-alpha.9c45b252',
50 silly addNameRange     '0.8.0',
50 silly addNameRange     '0.8.1',
50 silly addNameRange     '0.8.2',
50 silly addNameRange     '0.8.3',
50 silly addNameRange     '0.8.4',
50 silly addNameRange     '0.8.5',
50 silly addNameRange     '0.9.0',
50 silly addNameRange     '0.9.1',
50 silly addNameRange     '0.9.2',
50 silly addNameRange     '0.9.3',
50 silly addNameRange     '0.9.4',
50 silly addNameRange     '0.9.5',
50 silly addNameRange     '0.10.0-alpha.328cb32e',
50 silly addNameRange     '1.0.0-alpha.58689133',
50 silly addNameRange     '1.0.0-alpha.dadf93b2',
50 silly addNameRange     '1.0.0-alpha.134d2297',
50 silly addNameRange     '1.0.0-alpha.e280254d',
50 silly addNameRange     '1.0.0-alpha.c82c4f05',
50 silly addNameRange     '1.0.0-alpha.0d0536f9',
50 silly addNameRange     '1.0.0-alpha.02968ecd',
50 silly addNameRange     '1.0.0-alpha.55afd862',
50 silly addNameRange     '1.0.0',
50 silly addNameRange     '1.0.1',
50 silly addNameRange     '1.0.2',
50 silly addNameRange     '1.0.3',
50 silly addNameRange     '1.0.4',
50 silly addNameRange     '1.0.5',
50 silly addNameRange     '1.0.6',
50 silly addNameRange     '1.0.7',
50 silly addNameRange     '1.0.7-alpha.60ae2b6d',
50 silly addNameRange     '1.0.8',
50 silly addNameRange     '1.0.9',
50 silly addNameRange     '1.0.10',
50 silly addNameRange     '1.0.11',
50 silly addNameRange     '1.0.12',
50 silly addNameRange     '1.0.13',
50 silly addNameRange     '1.0.14',
50 silly addNameRange     '1.0.15',
50 silly addNameRange     '1.0.16',
50 silly addNameRange     '1.0.17',
50 silly addNameRange     '1.1.0',
50 silly addNameRange     '2.0.0-next.096703ab',
50 silly addNameRange     '2.0.0-next.9754a231',
50 silly addNameRange     '2.0.0-next.03604a46',
50 silly addNameRange     '2.0.0-next.47d2d941',
50 silly addNameRange     '1.1.1',
50 silly addNameRange     '2.0.0-next.b2fd8db8',
50 silly addNameRange     '1.1.2',
50 silly addNameRange     '1.1.3',
50 silly addNameRange     '1.1.4',
50 silly addNameRange     '2.0.0-next.66cc7a90',
50 silly addNameRange     '2.0.0-next.3e165448',
50 silly addNameRange     '1.1.5',
50 silly addNameRange     '2.0.0-next.a671462c',
50 silly addNameRange     '2.0.0-next.2150693d',
50 silly addNameRange     '2.0.0-next.fb6e6f70',
50 silly addNameRange     '2.0.0',
50 silly addNameRange     '2.0.1',
50 silly addNameRange     '2.0.2',
50 silly addNameRange     '2.0.3',
50 silly addNameRange     '2.0.4',
50 silly addNameRange     '2.0.5',
50 silly addNameRange     '2.0.6-next.9b4009d7',
50 silly addNameRange     '2.0.6-next.c662dfb0',
50 silly addNameRange     '2.1.0',
50 silly addNameRange     '2.1.1',
50 silly addNameRange     '2.1.2',
50 silly addNameRange     '2.1.3-next.6a95aae9',
50 silly addNameRange     '2.1.3',
50 silly addNameRange     '2.1.4',
50 silly addNameRange     '2.1.5',
50 silly addNameRange     '2.1.6',
50 silly addNameRange     '2.1.7',
50 silly addNameRange     '2.1.8',
50 silly addNameRange     '3.0.0-next.b0cbf2ca',
50 silly addNameRange     '3.0.0-next.68',
50 silly addNameRange     '3.0.0',
50 silly addNameRange     ... 13 more items ] ]
51 silly addNamed react-scripts@3.4.1
52 verbose addNamed "3.4.1" is a plain semver version for react-scripts
53 silly cache afterAdd react-scripts@3.4.1
54 verbose afterAdd /home/tiankai/.npm/react-scripts/3.4.1/package/package.json not in flight; writing
55 verbose afterAdd /home/tiankai/.npm/react-scripts/3.4.1/package/package.json written
56 silly fetchNamedPackageData @types/parse-json
57 silly mapToRegistry name @types/parse-json
58 silly mapToRegistry scope (from package name) @types
59 verbose mapToRegistry no registry URL found in name for scope @types
60 silly mapToRegistry using default registry
61 silly mapToRegistry registry https://registry.npmjs.org/
62 silly mapToRegistry uri https://registry.npmjs.org/@types%2fparse-json
63 silly fetchNamedPackageData import-fresh
64 silly mapToRegistry name import-fresh
65 silly mapToRegistry using default registry
66 silly mapToRegistry registry https://registry.npmjs.org/
67 silly mapToRegistry uri https://registry.npmjs.org/import-fresh
68 silly fetchNamedPackageData yaml
69 silly mapToRegistry name yaml
70 silly mapToRegistry using default registry
71 silly mapToRegistry registry https://registry.npmjs.org/
72 silly mapToRegistry uri https://registry.npmjs.org/yaml
73 verbose request uri https://registry.npmjs.org/@types%2fparse-json
74 verbose request no auth needed
75 info attempt registry request try #1 at 3:36:04 PM
76 verbose etag W/"9a0891af673ca414048798ab4c4abb95"
77 verbose lastModified Thu, 27 Feb 2020 18:26:34 GMT
78 http request GET https://registry.npmjs.org/@types%2fparse-json
79 verbose request uri https://registry.npmjs.org/import-fresh
80 verbose request no auth needed
81 info attempt registry request try #1 at 3:36:04 PM
82 verbose etag W/"fec38a13d0bb0ee966d4cde96ff296ba"
83 verbose lastModified Wed, 13 Nov 2019 17:09:06 GMT
84 http request GET https://registry.npmjs.org/import-fresh
85 verbose request uri https://registry.npmjs.org/yaml
86 verbose request no auth needed
87 info attempt registry request try #1 at 3:36:04 PM
88 verbose etag W/"dd1dd7c3e883f62a1164433519bf6e9b"
89 verbose lastModified Sat, 21 Mar 2020 00:51:27 GMT
90 http request GET https://registry.npmjs.org/yaml
91 http 304 https://registry.npmjs.org/@types%2fparse-json
92 verbose headers { date: 'Wed, 25 Mar 2020 22:36:04 GMT',
92 verbose headers   connection: 'keep-alive',
92 verbose headers   'set-cookie':
92 verbose headers    [ '__cfduid=d78ec4c791993b49fd75194ff6df1839e1585175764; expires=Fri, 24-Apr-20 22:36:04 GMT; path=/; domain=.npmjs.org; HttpOnly; SameSite=Lax' ],
92 verbose headers   'cf-ray': '579c1bd21b636d6a-SJC',
92 verbose headers   age: '1472',
92 verbose headers   'cache-control': 'public, max-age=300',
92 verbose headers   etag: '"9a0891af673ca414048798ab4c4abb95"',
92 verbose headers   'last-modified': 'Thu, 27 Feb 2020 18:26:34 GMT',
92 verbose headers   vary: 'Accept-Encoding',
92 verbose headers   'cf-cache-status': 'HIT',
92 verbose headers   'expect-ct': 'max-age=604800, report-uri="https://report-uri.cloudflare.com/cdn-cgi/beacon/expect-ct"',
92 verbose headers   server: 'cloudflare' }
93 silly get cb [ 304,
93 silly get   { date: 'Wed, 25 Mar 2020 22:36:04 GMT',
93 silly get     connection: 'keep-alive',
93 silly get     'set-cookie':
93 silly get      [ '__cfduid=d78ec4c791993b49fd75194ff6df1839e1585175764; expires=Fri, 24-Apr-20 22:36:04 GMT; path=/; domain=.npmjs.org; HttpOnly; SameSite=Lax' ],
93 silly get     'cf-ray': '579c1bd21b636d6a-SJC',
93 silly get     age: '1472',
93 silly get     'cache-control': 'public, max-age=300',
93 silly get     etag: '"9a0891af673ca414048798ab4c4abb95"',
93 silly get     'last-modified': 'Thu, 27 Feb 2020 18:26:34 GMT',
93 silly get     vary: 'Accept-Encoding',
93 silly get     'cf-cache-status': 'HIT',
93 silly get     'expect-ct': 'max-age=604800, report-uri="https://report-uri.cloudflare.com/cdn-cgi/beacon/expect-ct"',
93 silly get     server: 'cloudflare' } ]
94 verbose etag https://registry.npmjs.org/@types%2fparse-json from cache
95 verbose get saving @types/parse-json to /home/tiankai/.npm/registry.npmjs.org/_40types_252fparse-json/.cache.json
96 silly resolveWithNewModule @types/parse-json@4.0.0 checking installable status
97 silly cache add args [ '@types/parse-json@^4.0.0', null ]
98 verbose cache add spec @types/parse-json@^4.0.0
99 silly cache add parsed spec Result {
99 silly cache add   raw: '@types/parse-json@^4.0.0',
99 silly cache add   scope: '@types',
99 silly cache add   name: '@types/parse-json',
99 silly cache add   rawSpec: '^4.0.0',
99 silly cache add   spec: '>=4.0.0 <5.0.0',
99 silly cache add   type: 'range' }
100 silly addNamed @types/parse-json@>=4.0.0 <5.0.0
101 verbose addNamed ">=4.0.0 <5.0.0" is a valid semver range for @types/parse-json
102 silly addNameRange { name: '@types/parse-json',
102 silly addNameRange   range: '>=4.0.0 <5.0.0',
102 silly addNameRange   hasData: false }
103 silly mapToRegistry name @types/parse-json
104 silly mapToRegistry scope (from package name) @types
105 verbose mapToRegistry no registry URL found in name for scope @types
106 silly mapToRegistry using default registry
107 silly mapToRegistry registry https://registry.npmjs.org/
108 silly mapToRegistry uri https://registry.npmjs.org/@types%2fparse-json
109 verbose addNameRange registry:https://registry.npmjs.org/@types%2fparse-json not in flight; fetching
110 verbose get https://registry.npmjs.org/@types%2fparse-json not expired, no request
111 silly addNameRange number 2 { name: '@types/parse-json',
111 silly addNameRange   range: '>=4.0.0 <5.0.0',
111 silly addNameRange   hasData: true }
112 silly addNameRange versions [ '@types/parse-json', [ '4.0.0' ] ]
113 silly addNamed @types/parse-json@4.0.0
114 verbose addNamed "4.0.0" is a plain semver version for @types/parse-json
115 silly cache afterAdd @types/parse-json@4.0.0
116 verbose afterAdd /home/tiankai/.npm/@types/parse-json/4.0.0/package/package.json not in flight; writing
117 verbose afterAdd /home/tiankai/.npm/@types/parse-json/4.0.0/package/package.json written
118 http 304 https://registry.npmjs.org/yaml
119 verbose headers { date: 'Wed, 25 Mar 2020 22:36:04 GMT',
119 verbose headers   connection: 'keep-alive',
119 verbose headers   'set-cookie':
119 verbose headers    [ '__cfduid=d1191eb09a74f5ae9cf490329d8865e8b1585175764; expires=Fri, 24-Apr-20 22:36:04 GMT; path=/; domain=.npmjs.org; HttpOnly; SameSite=Lax' ],
119 verbose headers   'cf-ray': '579c1bd2a850ed23-SJC',
119 verbose headers   age: '7093',
119 verbose headers   'cache-control': 'public, max-age=300',
119 verbose headers   etag: '"dd1dd7c3e883f62a1164433519bf6e9b"',
119 verbose headers   'last-modified': 'Sat, 21 Mar 2020 00:51:27 GMT',
119 verbose headers   vary: 'Accept-Encoding',
119 verbose headers   'cf-cache-status': 'HIT',
119 verbose headers   'expect-ct': 'max-age=604800, report-uri="https://report-uri.cloudflare.com/cdn-cgi/beacon/expect-ct"',
119 verbose headers   server: 'cloudflare' }
120 silly get cb [ 304,
120 silly get   { date: 'Wed, 25 Mar 2020 22:36:04 GMT',
120 silly get     connection: 'keep-alive',
120 silly get     'set-cookie':
120 silly get      [ '__cfduid=d1191eb09a74f5ae9cf490329d8865e8b1585175764; expires=Fri, 24-Apr-20 22:36:04 GMT; path=/; domain=.npmjs.org; HttpOnly; SameSite=Lax' ],
120 silly get     'cf-ray': '579c1bd2a850ed23-SJC',
120 silly get     age: '7093',
120 silly get     'cache-control': 'public, max-age=300',
120 silly get     etag: '"dd1dd7c3e883f62a1164433519bf6e9b"',
120 silly get     'last-modified': 'Sat, 21 Mar 2020 00:51:27 GMT',
120 silly get     vary: 'Accept-Encoding',
120 silly get     'cf-cache-status': 'HIT',
120 silly get     'expect-ct': 'max-age=604800, report-uri="https://report-uri.cloudflare.com/cdn-cgi/beacon/expect-ct"',
120 silly get     server: 'cloudflare' } ]
121 verbose etag https://registry.npmjs.org/yaml from cache
122 verbose get saving yaml to /home/tiankai/.npm/registry.npmjs.org/yaml/.cache.json
123 http 304 https://registry.npmjs.org/import-fresh
124 verbose headers { date: 'Wed, 25 Mar 2020 22:36:04 GMT',
124 verbose headers   connection: 'keep-alive',
124 verbose headers   'set-cookie':
124 verbose headers    [ '__cfduid=de4f7acd9db407cbeb13df69a17040de31585175764; expires=Fri, 24-Apr-20 22:36:04 GMT; path=/; domain=.npmjs.org; HttpOnly; SameSite=Lax' ],
124 verbose headers   'cf-ray': '579c1bd2af816d70-SJC',
124 verbose headers   age: '3220',
124 verbose headers   'cache-control': 'public, max-age=300',
124 verbose headers   etag: '"fec38a13d0bb0ee966d4cde96ff296ba"',
124 verbose headers   'last-modified': 'Wed, 13 Nov 2019 17:09:06 GMT',
124 verbose headers   vary: 'Accept-Encoding',
124 verbose headers   'cf-cache-status': 'HIT',
124 verbose headers   'expect-ct': 'max-age=604800, report-uri="https://report-uri.cloudflare.com/cdn-cgi/beacon/expect-ct"',
124 verbose headers   server: 'cloudflare' }
125 silly get cb [ 304,
125 silly get   { date: 'Wed, 25 Mar 2020 22:36:04 GMT',
125 silly get     connection: 'keep-alive',
125 silly get     'set-cookie':
125 silly get      [ '__cfduid=de4f7acd9db407cbeb13df69a17040de31585175764; expires=Fri, 24-Apr-20 22:36:04 GMT; path=/; domain=.npmjs.org; HttpOnly; SameSite=Lax' ],
125 silly get     'cf-ray': '579c1bd2af816d70-SJC',
125 silly get     age: '3220',
125 silly get     'cache-control': 'public, max-age=300',
125 silly get     etag: '"fec38a13d0bb0ee966d4cde96ff296ba"',
125 silly get     'last-modified': 'Wed, 13 Nov 2019 17:09:06 GMT',
125 silly get     vary: 'Accept-Encoding',
125 silly get     'cf-cache-status': 'HIT',
125 silly get     'expect-ct': 'max-age=604800, report-uri="https://report-uri.cloudflare.com/cdn-cgi/beacon/expect-ct"',
125 silly get     server: 'cloudflare' } ]
126 verbose etag https://registry.npmjs.org/import-fresh from cache
127 verbose get saving import-fresh to /home/tiankai/.npm/registry.npmjs.org/import-fresh/.cache.json
128 verbose stack Error: Missing required argument #1
128 verbose stack     at andLogAndFinish (/usr/share/npm/lib/fetch-package-metadata.js:31:3)
128 verbose stack     at fetchPackageMetadata (/usr/share/npm/lib/fetch-package-metadata.js:51:22)
128 verbose stack     at resolveWithNewModule (/usr/share/npm/lib/install/deps.js:456:12)
128 verbose stack     at /usr/share/npm/lib/install/deps.js:457:7
128 verbose stack     at /usr/share/npm/node_modules/iferr/index.js:13:50
128 verbose stack     at /usr/share/npm/lib/fetch-package-metadata.js:37:12
128 verbose stack     at addRequestedAndFinish (/usr/share/npm/lib/fetch-package-metadata.js:82:5)
128 verbose stack     at returnAndAddMetadata (/usr/share/npm/lib/fetch-package-metadata.js:117:7)
128 verbose stack     at pickVersionFromRegistryDocument (/usr/share/npm/lib/fetch-package-metadata.js:134:20)
128 verbose stack     at /usr/share/npm/node_modules/iferr/index.js:13:50
129 verbose cwd /home/tiankai/Dev/refactored-dollop/frontend
130 error Linux 5.3.0-42-generic
131 error argv "/usr/bin/node" "/usr/bin/npm" "install"
132 error node v8.10.0
133 error npm  v3.5.2
134 error code EMISSINGARG
135 error typeerror Error: Missing required argument #1
135 error typeerror     at andLogAndFinish (/usr/share/npm/lib/fetch-package-metadata.js:31:3)
135 error typeerror     at fetchPackageMetadata (/usr/share/npm/lib/fetch-package-metadata.js:51:22)
135 error typeerror     at resolveWithNewModule (/usr/share/npm/lib/install/deps.js:456:12)
135 error typeerror     at /usr/share/npm/lib/install/deps.js:457:7
135 error typeerror     at /usr/share/npm/node_modules/iferr/index.js:13:50
135 error typeerror     at /usr/share/npm/lib/fetch-package-metadata.js:37:12
135 error typeerror     at addRequestedAndFinish (/usr/share/npm/lib/fetch-package-metadata.js:82:5)
135 error typeerror     at returnAndAddMetadata (/usr/share/npm/lib/fetch-package-metadata.js:117:7)
135 error typeerror     at pickVersionFromRegistryDocument (/usr/share/npm/lib/fetch-package-metadata.js:134:20)
135 error typeerror     at /usr/share/npm/node_modules/iferr/index.js:13:50
136 error typeerror This is an error with npm itself. Please report this error at:
136 error typeerror     <http://github.com/npm/npm/issues>
137 verbose exit [ 1, true ]
